{
  "stats": {
    "suites": 1,
    "tests": 6,
    "passes": 6,
    "pending": 0,
    "failures": 0,
    "start": "2024-06-11T20:17:54.850Z",
    "end": "2024-06-11T20:17:55.121Z",
    "duration": 271,
    "testsRegistered": 6,
    "passPercent": 100,
    "pendingPercent": 0,
    "other": 0,
    "hasOther": false,
    "skipped": 0,
    "hasSkipped": false
  },
  "results": [
    {
      "uuid": "d90a967f-fd1a-411f-a7db-5a125385a93f",
      "title": "",
      "fullFile": "C:\\Users\\Dell\\Desktop\\Test-Submission-Task-2\\__tests__\\integration\\integration.test.js",
      "file": "\\__tests__\\integration\\integration.test.js",
      "beforeHooks": [],
      "afterHooks": [],
      "tests": [],
      "suites": [
        {
          "uuid": "2f253a96-8331-431a-ab65-3fb985448c6c",
          "title": "Integration Tests",
          "fullFile": "C:\\Users\\Dell\\Desktop\\Test-Submission-Task-2\\__tests__\\integration\\integration.test.js",
          "file": "\\__tests__\\integration\\integration.test.js",
          "beforeHooks": [
            {
              "title": "\"before all\" hook in \"Integration Tests\"",
              "fullTitle": "Integration Tests \"before all\" hook in \"Integration Tests\"",
              "timedOut": false,
              "duration": 1,
              "state": null,
              "speed": null,
              "pass": false,
              "fail": false,
              "pending": false,
              "context": null,
              "code": "// Here you can set up your test database if necessary",
              "err": {},
              "uuid": "918cfa84-8b6b-40a8-a93b-1bf89c689537",
              "parentUUID": "2f253a96-8331-431a-ab65-3fb985448c6c",
              "isHook": true,
              "skipped": false
            }
          ],
          "afterHooks": [
            {
              "title": "\"after all\" hook in \"Integration Tests\"",
              "fullTitle": "Integration Tests \"after all\" hook in \"Integration Tests\"",
              "timedOut": false,
              "duration": 0,
              "state": null,
              "speed": null,
              "pass": false,
              "fail": false,
              "pending": false,
              "context": null,
              "code": "// Clean up your test database if necessary",
              "err": {},
              "uuid": "96efd417-5ae0-48e3-9306-06f59d40415e",
              "parentUUID": "2f253a96-8331-431a-ab65-3fb985448c6c",
              "isHook": true,
              "skipped": false
            }
          ],
          "tests": [
            {
              "title": "should retrieve all products",
              "fullTitle": "Integration Tests should retrieve all products",
              "timedOut": false,
              "duration": 91,
              "state": "passed",
              "speed": "slow",
              "pass": true,
              "fail": false,
              "pending": false,
              "context": null,
              "code": "const res = await request(server).get('/api/products');\nexpect(res.status).to.equal(200);\nexpect(res.body).to.be.an('array');",
              "err": {},
              "uuid": "09eeb048-287f-493e-b672-fc75234baf7b",
              "parentUUID": "2f253a96-8331-431a-ab65-3fb985448c6c",
              "isHook": false,
              "skipped": false
            },
            {
              "title": "should create a new product",
              "fullTitle": "Integration Tests should create a new product",
              "timedOut": false,
              "duration": 39,
              "state": "passed",
              "speed": "medium",
              "pass": true,
              "fail": false,
              "pending": false,
              "context": null,
              "code": "const newProduct = {\n    name: 'Test Chair',\n    description: 'A comfortable test chair',\n    price: 50.00,\n    quantity: 5,\n    category: 'Test Furniture'\n};\nconst res = await request(server).post('/api/products').send(newProduct);\nexpect(res.status).to.equal(201);\nexpect(res.body).to.be.an('object');\nexpect(res.body.id).to.be.a('number');\ncreatedProductId = res.body.id;",
              "err": {},
              "uuid": "bd056872-ea36-4fac-9208-73bab2365e33",
              "parentUUID": "2f253a96-8331-431a-ab65-3fb985448c6c",
              "isHook": false,
              "skipped": false
            },
            {
              "title": "should retrieve a product by ID",
              "fullTitle": "Integration Tests should retrieve a product by ID",
              "timedOut": false,
              "duration": 18,
              "state": "passed",
              "speed": "fast",
              "pass": true,
              "fail": false,
              "pending": false,
              "context": null,
              "code": "console.log('Retrieving product ID:', createdProductId); // Add this line\nconst res = await request(server).get(`/api/products/${createdProductId}`);\nconsole.log('Retrieve product response:', res.body); // Add this line\nexpect(res.status).to.equal(200);\nexpect(res.body).to.be.an('object');\nexpect(res.body.id).to.equal(createdProductId); // Corrected comparison",
              "err": {},
              "uuid": "f003e24c-f33c-419d-9525-8f98ec455438",
              "parentUUID": "2f253a96-8331-431a-ab65-3fb985448c6c",
              "isHook": false,
              "skipped": false
            },
            {
              "title": "should retrieve products by name",
              "fullTitle": "Integration Tests should retrieve products by name",
              "timedOut": false,
              "duration": 39,
              "state": "passed",
              "speed": "medium",
              "pass": true,
              "fail": false,
              "pending": false,
              "context": null,
              "code": "const newProduct = {\n    name: 'Test Chair',\n    description: 'A comfortable test sofa',\n    price: 150.00,\n    quantity: 2,\n    category: 'Test Furniture'\n};\nawait request(server).post(`/api/products`).send(newProduct);\nconst res = await request(server).get(`/api/products?name=Test Chair`);\nexpect(res.status).to.equal(200);\nexpect(res.body).to.be.an('array');\nexpect(res.body[0].name).to.equal('Test Chair');",
              "err": {},
              "uuid": "ce30714b-ba22-43a5-b671-74becdea7cd7",
              "parentUUID": "2f253a96-8331-431a-ab65-3fb985448c6c",
              "isHook": false,
              "skipped": false
            },
            {
              "title": "should update a product",
              "fullTitle": "Integration Tests should update a product",
              "timedOut": false,
              "duration": 32,
              "state": "passed",
              "speed": "fast",
              "pass": true,
              "fail": false,
              "pending": false,
              "context": null,
              "code": "const updatedProduct = { name: 'Updated Test Chair', description: 'An updated test chair', price: 60.00, quantity: 3, category: 'Updated Test Furniture' };\nconst res = await request(server).put(`/api/products/${createdProductId}`).send(updatedProduct);\nconsole.log(\"I am here\");\nexpect(res.status).to.equal(204);\n// Verify the update\nconst getRes = await request(server).get(`/api/products/${createdProductId}`);\n//console.log(\"I am here now\");//\nexpect(getRes.status).to.equal(200);\nexpect(getRes.body.name).to.equal('Updated Test Chair');",
              "err": {},
              "uuid": "3950f22f-7843-4e96-a977-e016dff72ae5",
              "parentUUID": "2f253a96-8331-431a-ab65-3fb985448c6c",
              "isHook": false,
              "skipped": false
            },
            {
              "title": "should delete a product by ID",
              "fullTitle": "Integration Tests should delete a product by ID",
              "timedOut": false,
              "duration": 31,
              "state": "passed",
              "speed": "fast",
              "pass": true,
              "fail": false,
              "pending": false,
              "context": null,
              "code": "const res = await request(server).delete(`/api/products/${createdProductId}`);\nexpect(res.status).to.equal(204);\n// Verify the deletion\nconst getRes = await request(server).get(`/api/products/${createdProductId}`);\nexpect(getRes.status).to.equal(404); // assuming you return a 404 for not found",
              "err": {},
              "uuid": "d7883a3a-9f52-4260-b540-116e965ddede",
              "parentUUID": "2f253a96-8331-431a-ab65-3fb985448c6c",
              "isHook": false,
              "skipped": false
            }
          ],
          "suites": [],
          "passes": [
            "09eeb048-287f-493e-b672-fc75234baf7b",
            "bd056872-ea36-4fac-9208-73bab2365e33",
            "f003e24c-f33c-419d-9525-8f98ec455438",
            "ce30714b-ba22-43a5-b671-74becdea7cd7",
            "3950f22f-7843-4e96-a977-e016dff72ae5",
            "d7883a3a-9f52-4260-b540-116e965ddede"
          ],
          "failures": [],
          "pending": [],
          "skipped": [],
          "duration": 250,
          "root": false,
          "rootEmpty": false,
          "_timeout": 2000
        }
      ],
      "passes": [],
      "failures": [],
      "pending": [],
      "skipped": [],
      "duration": 0,
      "root": true,
      "rootEmpty": true,
      "_timeout": 2000
    }
  ],
  "meta": {
    "mocha": {
      "version": "10.4.0"
    },
    "mochawesome": {
      "options": {
        "quiet": false,
        "reportFilename": "integration",
        "saveHtml": true,
        "saveJson": true,
        "consoleReporter": "spec",
        "useInlineDiffs": false,
        "code": true
      },
      "version": "7.1.3"
    },
    "marge": {
      "options": {
        "reportFilename": "integration"
      },
      "version": "6.2.0"
    }
  }
}