{
  "stats": {
    "suites": 1,
    "tests": 6,
    "passes": 6,
    "pending": 0,
    "failures": 0,
    "start": "2024-06-08T14:16:27.894Z",
    "end": "2024-06-08T14:16:28.025Z",
    "duration": 131,
    "testsRegistered": 6,
    "passPercent": 100,
    "pendingPercent": 0,
    "other": 0,
    "hasOther": false,
    "skipped": 0,
    "hasSkipped": false
  },
  "results": [
    {
      "uuid": "123374e2-c93b-43de-897f-cc94d2b7780a",
      "title": "",
      "fullFile": "C:\\Users\\palla\\Desktop\\Test-Submission-Task-2\\__tests__\\unit\\unit.test.js",
      "file": "\\__tests__\\unit\\unit.test.js",
      "beforeHooks": [],
      "afterHooks": [],
      "tests": [],
      "suites": [
        {
          "uuid": "f08744f4-2eae-4f37-845e-4eeca12f5cfb",
          "title": "Logic Unit Tests",
          "fullFile": "C:\\Users\\palla\\Desktop\\Test-Submission-Task-2\\__tests__\\unit\\unit.test.js",
          "file": "\\__tests__\\unit\\unit.test.js",
          "beforeHooks": [],
          "afterHooks": [],
          "tests": [
            {
              "title": "should retrieve all products",
              "fullTitle": "Logic Unit Tests should retrieve all products",
              "timedOut": false,
              "duration": 63,
              "state": "passed",
              "speed": "medium",
              "pass": true,
              "fail": false,
              "pending": false,
              "context": null,
              "code": "const products = await logic.getAllProducts();\nexpect(products).to.be.an('array');\nexpect(products).to.have.length.above(0);",
              "err": {},
              "uuid": "b98a3c77-7c02-44ec-8c11-42bbb42a8114",
              "parentUUID": "f08744f4-2eae-4f37-845e-4eeca12f5cfb",
              "isHook": false,
              "skipped": false
            },
            {
              "title": "should create a new products",
              "fullTitle": "Logic Unit Tests should create a new products",
              "timedOut": false,
              "duration": 14,
              "state": "passed",
              "speed": "fast",
              "pass": true,
              "fail": false,
              "pending": false,
              "context": null,
              "code": "const newProduct = { name: 'Bottle', description: 'water bottle', price: 100, quantity: 10, category: 'Accessory' };\nconst result = await logic.createProduct(newProduct);\nexpect(result).to.be.an('object');\nexpect(result.id).to.be.a('number');\ntestId = parseInt(result.id);\nconsole.log(result.id);",
              "err": {},
              "uuid": "406d7785-a879-4d02-81da-f5f7866806c3",
              "parentUUID": "f08744f4-2eae-4f37-845e-4eeca12f5cfb",
              "isHook": false,
              "skipped": false
            },
            {
              "title": "should retrieve products by name",
              "fullTitle": "Logic Unit Tests should retrieve products by name",
              "timedOut": false,
              "duration": 8,
              "state": "passed",
              "speed": "fast",
              "pass": true,
              "fail": false,
              "pending": false,
              "context": null,
              "code": "const products = await logic.getProductsByName('Bottle');\nexpect(products).to.be.an('array');\nexpect(products).to.have.length.above(0);\nexpect(products[0].name).to.include('Bottle');",
              "err": {},
              "uuid": "8b61afa4-8a01-421a-a90f-7148a3d65944",
              "parentUUID": "f08744f4-2eae-4f37-845e-4eeca12f5cfb",
              "isHook": false,
              "skipped": false
            },
            {
              "title": "should retrieve a product by ID",
              "fullTitle": "Logic Unit Tests should retrieve a product by ID",
              "timedOut": false,
              "duration": 8,
              "state": "passed",
              "speed": "fast",
              "pass": true,
              "fail": false,
              "pending": false,
              "context": null,
              "code": "const product = await logic.getProductById(testId);\nexpect(product).to.be.an('object');\nexpect(product.id).to.equal(testId);",
              "err": {},
              "uuid": "c316b445-91db-4482-82f2-3d4fe2e9410f",
              "parentUUID": "f08744f4-2eae-4f37-845e-4eeca12f5cfb",
              "isHook": false,
              "skipped": false
            },
            {
              "title": "should update a product",
              "fullTitle": "Logic Unit Tests should update a product",
              "timedOut": false,
              "duration": 15,
              "state": "passed",
              "speed": "fast",
              "pass": true,
              "fail": false,
              "pending": false,
              "context": null,
              "code": "const updatedProduct = { name: 'Pen', description: 'gel', price: 45, quantity: 25, category: 'Statonary' };\nawait logic.updateProduct(updatedProduct, testId);\nconst product = await logic.getProductById(testId);\nexpect(product.name).to.equal('Pen');\nexpect(product.price).to.equal(45);",
              "err": {},
              "uuid": "2722774c-1cac-45a7-b946-9d801f36d8fe",
              "parentUUID": "f08744f4-2eae-4f37-845e-4eeca12f5cfb",
              "isHook": false,
              "skipped": false
            },
            {
              "title": "should delete a product by ID",
              "fullTitle": "Logic Unit Tests should delete a product by ID",
              "timedOut": false,
              "duration": 14,
              "state": "passed",
              "speed": "fast",
              "pass": true,
              "fail": false,
              "pending": false,
              "context": null,
              "code": "await logic.deleteProduct(testId);\nconst products = await logic.getAllProducts();\nexpect(products.find(p => p.id === testId)).to.be.undefined;",
              "err": {},
              "uuid": "fbb12247-c0bb-4731-9727-d3d04cd188ad",
              "parentUUID": "f08744f4-2eae-4f37-845e-4eeca12f5cfb",
              "isHook": false,
              "skipped": false
            }
          ],
          "suites": [],
          "passes": [
            "b98a3c77-7c02-44ec-8c11-42bbb42a8114",
            "406d7785-a879-4d02-81da-f5f7866806c3",
            "8b61afa4-8a01-421a-a90f-7148a3d65944",
            "c316b445-91db-4482-82f2-3d4fe2e9410f",
            "2722774c-1cac-45a7-b946-9d801f36d8fe",
            "fbb12247-c0bb-4731-9727-d3d04cd188ad"
          ],
          "failures": [],
          "pending": [],
          "skipped": [],
          "duration": 122,
          "root": false,
          "rootEmpty": false,
          "_timeout": 2000
        }
      ],
      "passes": [],
      "failures": [],
      "pending": [],
      "skipped": [],
      "duration": 0,
      "root": true,
      "rootEmpty": true,
      "_timeout": 2000
    }
  ],
  "meta": {
    "mocha": {
      "version": "10.4.0"
    },
    "mochawesome": {
      "options": {
        "quiet": false,
        "reportFilename": "unit",
        "saveHtml": true,
        "saveJson": true,
        "consoleReporter": "spec",
        "useInlineDiffs": false,
        "code": true
      },
      "version": "7.1.3"
    },
    "marge": {
      "options": {
        "reportFilename": "unit"
      },
      "version": "6.2.0"
    }
  }
}