{
  "stats": {
    "suites": 1,
    "tests": 6,
    "passes": 6,
    "pending": 0,
    "failures": 0,
    "start": "2024-06-11T11:11:05.440Z",
    "end": "2024-06-11T11:11:05.615Z",
    "duration": 175,
    "testsRegistered": 6,
    "passPercent": 100,
    "pendingPercent": 0,
    "other": 0,
    "hasOther": false,
    "skipped": 0,
    "hasSkipped": false
  },
  "results": [
    {
      "uuid": "62ac9aeb-0514-4e5c-b443-ad6fe59edee8",
      "title": "",
      "fullFile": "C:\\Users\\Dell\\Desktop\\Test-Submission-Task-2\\__tests__\\unit\\unit.test.js",
      "file": "\\__tests__\\unit\\unit.test.js",
      "beforeHooks": [],
      "afterHooks": [],
      "tests": [],
      "suites": [
        {
          "uuid": "91edf602-658b-4790-a968-fbf564d29ae9",
          "title": "Logic Unit Tests",
          "fullFile": "C:\\Users\\Dell\\Desktop\\Test-Submission-Task-2\\__tests__\\unit\\unit.test.js",
          "file": "\\__tests__\\unit\\unit.test.js",
          "beforeHooks": [],
          "afterHooks": [],
          "tests": [
            {
              "title": "should retrieve all products",
              "fullTitle": "Logic Unit Tests should retrieve all products",
              "timedOut": false,
              "duration": 68,
              "state": "passed",
              "speed": "medium",
              "pass": true,
              "fail": false,
              "pending": false,
              "context": null,
              "code": "const products = await logic.getAllProducts();\nexpect(products).to.be.an('array');\nexpect(products).to.have.length.above(0);",
              "err": {},
              "uuid": "1ee3c52d-dae1-421c-ae5a-e783065c7816",
              "parentUUID": "91edf602-658b-4790-a968-fbf564d29ae9",
              "isHook": false,
              "skipped": false
            },
            {
              "title": "should create a new products",
              "fullTitle": "Logic Unit Tests should create a new products",
              "timedOut": false,
              "duration": 15,
              "state": "passed",
              "speed": "fast",
              "pass": true,
              "fail": false,
              "pending": false,
              "context": null,
              "code": "const newProduct = { name: 'Bottle', description: 'water bottle', price: 100, quantity: 10, category: 'Accessory' };\nconst result = await logic.createProduct(newProduct);\nexpect(result).to.be.an('object');\nexpect(result.id).to.be.a('number');\ntestId = parseInt(result.id);\nconsole.log(result.id);",
              "err": {},
              "uuid": "e491bb40-7607-4ef0-a07d-f4583adf3780",
              "parentUUID": "91edf602-658b-4790-a968-fbf564d29ae9",
              "isHook": false,
              "skipped": false
            },
            {
              "title": "should retrieve products by name",
              "fullTitle": "Logic Unit Tests should retrieve products by name",
              "timedOut": false,
              "duration": 10,
              "state": "passed",
              "speed": "fast",
              "pass": true,
              "fail": false,
              "pending": false,
              "context": null,
              "code": "const products = await logic.getProductsByName('Bottle');\nexpect(products).to.be.an('array');\nexpect(products).to.have.length.above(0);\nexpect(products[0].name).to.include('Bottle');",
              "err": {},
              "uuid": "59a6dee7-6db0-4963-8733-e654392f78ad",
              "parentUUID": "91edf602-658b-4790-a968-fbf564d29ae9",
              "isHook": false,
              "skipped": false
            },
            {
              "title": "should retrieve a product by ID",
              "fullTitle": "Logic Unit Tests should retrieve a product by ID",
              "timedOut": false,
              "duration": 10,
              "state": "passed",
              "speed": "fast",
              "pass": true,
              "fail": false,
              "pending": false,
              "context": null,
              "code": "const product = await logic.getProductById(testId);\nexpect(product).to.be.an('object');\nexpect(product.id).to.equal(testId);",
              "err": {},
              "uuid": "34ad4eef-5061-4916-ac06-e8ddbf03081d",
              "parentUUID": "91edf602-658b-4790-a968-fbf564d29ae9",
              "isHook": false,
              "skipped": false
            },
            {
              "title": "should update a product",
              "fullTitle": "Logic Unit Tests should update a product",
              "timedOut": false,
              "duration": 26,
              "state": "passed",
              "speed": "fast",
              "pass": true,
              "fail": false,
              "pending": false,
              "context": null,
              "code": "const updatedProduct = { name: 'Pen', description: 'gel', price: 45, quantity: 25, category: 'Statonary' };\nawait logic.updateProduct(updatedProduct, testId);\nconst product = await logic.getProductById(testId);\nexpect(product.name).to.equal('Pen');\nexpect(product.price).to.equal(45);",
              "err": {},
              "uuid": "ff1c96be-c730-4eee-8c66-be60a26c7dfc",
              "parentUUID": "91edf602-658b-4790-a968-fbf564d29ae9",
              "isHook": false,
              "skipped": false
            },
            {
              "title": "should delete a product by ID",
              "fullTitle": "Logic Unit Tests should delete a product by ID",
              "timedOut": false,
              "duration": 33,
              "state": "passed",
              "speed": "fast",
              "pass": true,
              "fail": false,
              "pending": false,
              "context": null,
              "code": "await logic.deleteProduct(testId);\nconst products = await logic.getAllProducts();\nexpect(products.find(p => p.id === testId)).to.be.undefined;",
              "err": {},
              "uuid": "08000105-ceff-481a-8e8e-e9d82b862e3e",
              "parentUUID": "91edf602-658b-4790-a968-fbf564d29ae9",
              "isHook": false,
              "skipped": false
            }
          ],
          "suites": [],
          "passes": [
            "1ee3c52d-dae1-421c-ae5a-e783065c7816",
            "e491bb40-7607-4ef0-a07d-f4583adf3780",
            "59a6dee7-6db0-4963-8733-e654392f78ad",
            "34ad4eef-5061-4916-ac06-e8ddbf03081d",
            "ff1c96be-c730-4eee-8c66-be60a26c7dfc",
            "08000105-ceff-481a-8e8e-e9d82b862e3e"
          ],
          "failures": [],
          "pending": [],
          "skipped": [],
          "duration": 162,
          "root": false,
          "rootEmpty": false,
          "_timeout": 2000
        }
      ],
      "passes": [],
      "failures": [],
      "pending": [],
      "skipped": [],
      "duration": 0,
      "root": true,
      "rootEmpty": true,
      "_timeout": 2000
    }
  ],
  "meta": {
    "mocha": {
      "version": "10.4.0"
    },
    "mochawesome": {
      "options": {
        "quiet": false,
        "reportFilename": "unit",
        "saveHtml": true,
        "saveJson": true,
        "consoleReporter": "spec",
        "useInlineDiffs": false,
        "code": true
      },
      "version": "7.1.3"
    },
    "marge": {
      "options": {
        "reportFilename": "unit"
      },
      "version": "6.2.0"
    }
  }
}